<?xml version="1.0" encoding="UTF-8" ?>
<testsuite tests="1" failures="1" name="framework.Tests.AmazonTest" time="22.399" errors="0" skipped="0">
  <properties>
[...]
</properties>
  <testcase classname="framework.Tests.AmazonTest" name="loginTest_Amazon" time="22.399">
    <failure message="Unable to locate element: /html/body/ytd-app/div/ytd-page-manager/ytd-watch-flexy/div[5]/div[1]/div/div[1]/div/div/div/ytd-player/div/div/div[26]/div[2]/div[2]/button[10]
For documentation on this error, please visit: https://www.seleniumhq.org/exceptions/no_such_element.html
Build info: version: &apos;3.141.59&apos;, revision: &apos;e82be7d358&apos;, time: &apos;2018-11-14T08:17:03&apos;
System info: host: &apos;DESKTOP-AGDUQKA&apos;, ip: &apos;192.168.1.153&apos;, os.name: &apos;Windows 10&apos;, os.arch: &apos;amd64&apos;, os.version: &apos;10.0&apos;, java.version: &apos;1.8.0_111&apos;
Driver info: org.openqa.selenium.firefox.FirefoxDriver
Capabilities {acceptInsecureCerts: true, browserName: firefox, browserVersion: 96.0.3, javascriptEnabled: true, moz:accessibilityChecks: false, moz:buildID: 20220126154723, moz:geckodriverVersion: 0.30.0, moz:headless: false, moz:processID: 11068, moz:profile: C:\Users\Willians\AppData\L..., moz:shutdownTimeout: 60000, moz:useNonSpecCompliantPointerOrigin: false, moz:webdriverClick: true, pageLoadStrategy: normal, platform: WINDOWS, platformName: WINDOWS, platformVersion: 10.0, proxy: Proxy(), setWindowRect: true, strictFileInteractability: false, timeouts: {implicit: 0, pageLoad: 300000, script: 30000}, unhandledPromptBehavior: dismiss and notify}
Session ID: e71d20b4-e512-4a48-9019-1c48502639c2
*** Element info: {Using=xpath, value=/html/body/ytd-app/div/ytd-page-manager/ytd-watch-flexy/div[5]/div[1]/div/div[1]/div/div/div/ytd-player/div/div/div[26]/div[2]/div[2]/button[10]}" type="org.openqa.selenium.NoSuchElementException">org.openqa.selenium.NoSuchElementException: Unable to locate element: /html/body/ytd-app/div/ytd-page-manager/ytd-watch-flexy/div[5]/div[1]/div/div[1]/div/div/div/ytd-player/div/div/div[26]/div[2]/div[2]/button[10]
For documentation on this error, please visit: https://www.seleniumhq.org/exceptions/no_such_element.html
Build info: version: &apos;3.141.59&apos;, revision: &apos;e82be7d358&apos;, time: &apos;2018-11-14T08:17:03&apos;
System info: host: &apos;DESKTOP-AGDUQKA&apos;, ip: &apos;192.168.1.153&apos;, os.name: &apos;Windows 10&apos;, os.arch: &apos;amd64&apos;, os.version: &apos;10.0&apos;, java.version: &apos;1.8.0_111&apos;
Driver info: org.openqa.selenium.firefox.FirefoxDriver
Capabilities {acceptInsecureCerts: true, browserName: firefox, browserVersion: 96.0.3, javascriptEnabled: true, moz:accessibilityChecks: false, moz:buildID: 20220126154723, moz:geckodriverVersion: 0.30.0, moz:headless: false, moz:processID: 11068, moz:profile: C:\Users\Willians\AppData\L..., moz:shutdownTimeout: 60000, moz:useNonSpecCompliantPointerOrigin: false, moz:webdriverClick: true, pageLoadStrategy: normal, platform: WINDOWS, platformName: WINDOWS, platformVersion: 10.0, proxy: Proxy(), setWindowRect: true, strictFileInteractability: false, timeouts: {implicit: 0, pageLoad: 300000, script: 30000}, unhandledPromptBehavior: dismiss and notify}
Session ID: e71d20b4-e512-4a48-9019-1c48502639c2
*** Element info: {Using=xpath, value=/html/body/ytd-app/div/ytd-page-manager/ytd-watch-flexy/div[5]/div[1]/div/div[1]/div/div/div/ytd-player/div/div/div[26]/div[2]/div[2]/button[10]}
	at sun.reflect.GeneratedConstructorAccessor12.newInstance(Unknown Source)
	at sun.reflect.DelegatingConstructorAccessorImpl.newInstance(DelegatingConstructorAccessorImpl.java:45)
	at java.lang.reflect.Constructor.newInstance(Constructor.java:423)
	at org.openqa.selenium.remote.http.W3CHttpResponseCodec.createException(W3CHttpResponseCodec.java:187)
	at org.openqa.selenium.remote.http.W3CHttpResponseCodec.decode(W3CHttpResponseCodec.java:122)
	at org.openqa.selenium.remote.http.W3CHttpResponseCodec.decode(W3CHttpResponseCodec.java:49)
	at org.openqa.selenium.remote.HttpCommandExecutor.execute(HttpCommandExecutor.java:158)
	at org.openqa.selenium.remote.service.DriverCommandExecutor.execute(DriverCommandExecutor.java:83)
	at org.openqa.selenium.remote.RemoteWebDriver.execute(RemoteWebDriver.java:552)
	at org.openqa.selenium.remote.RemoteWebDriver.findElement(RemoteWebDriver.java:323)
	at org.openqa.selenium.remote.RemoteWebDriver.findElementByXPath(RemoteWebDriver.java:428)
	at org.openqa.selenium.By$ByXPath.findElement(By.java:353)
	at org.openqa.selenium.remote.RemoteWebDriver.findElement(RemoteWebDriver.java:315)
	at org.openqa.selenium.support.pagefactory.DefaultElementLocator.findElement(DefaultElementLocator.java:69)
	at org.openqa.selenium.support.pagefactory.internal.LocatingElementHandler.invoke(LocatingElementHandler.java:38)
	at com.sun.proxy.$Proxy9.isDisplayed(Unknown Source)
	at framework.Config.WebActions.waitForVisibility(WebActions.java:28)
	at framework.Tests.AmazonTest.loginTest_Amazon(AmazonTest.java:35)
</failure>
    <system-out>Configuring TestNG with: org.apache.maven.surefire.testng.conf.TestNG652Configurator@21588809
C:\Users\Willians\OneDrive\Imágenes\automationyoutube-master\automationyoutube-master\reportsFolder\outputs-06_02\logs\log-06_02.txt
la ruta final es: &lt;img src=&quot;.\images\mtp.jpg&quot; alt=&quot;Reporte Extents&quot; height=&quot;50&quot; width=&quot;150&quot; &gt;&lt;img style=&quot;margin-left: 30%; &quot; src=&quot;.\images\scalefast.png&quot; height=&quot;50&quot; width=&quot;150&quot;&gt;
SetupDrive()
[20_38_52] - [ERROR] : Error al realizar un scroll hacia abajo en busca de &lt;span style=&quot;font-style: italic; color: gray;&quot;&gt;[[FirefoxDriver: firefox on WINDOWS (e71d20b4-e512-4a48-9019-1c48502639c2)] -&gt; xpath: //*[text()=&quot;Acepto&quot;]]&lt;/span&gt;]
[20_38_52] - [OK]: Click correcto en: &lt;span style=&quot;font-style: italic; color: gray;&quot;&gt;[[FirefoxDriver: firefox on WINDOWS (e71d20b4-e512-4a48-9019-1c48502639c2)] -&gt; xpath: //*[text()=&quot;Acepto&quot;]]&lt;/span&gt;]
[20_38_52] - [OK]: Espera OK. Elemento &lt;span style=&quot;font-style: italic; color: gray;&quot;&gt;[[FirefoxDriver: firefox on WINDOWS (e71d20b4-e512-4a48-9019-1c48502639c2)] -&gt; xpath: //*[@id=&quot;buttons&quot;]/ytd-button-renderer/a]&lt;/span&gt;] visible
[20_38_52] - [OK]: Click correcto en: &lt;span style=&quot;font-style: italic; color: gray;&quot;&gt;[[FirefoxDriver: firefox on WINDOWS (e71d20b4-e512-4a48-9019-1c48502639c2)] -&gt; xpath: //*[@id=&quot;buttons&quot;]/ytd-button-renderer/a]&lt;/span&gt;]
[20_38_53] - [OK] : &quot;pruebaseleniumjava@gmail.com&quot; enviado correcto en: &lt;span style=&quot;font-style: italic; color: gray;&quot;&gt;[[FirefoxDriver: firefox on WINDOWS (e71d20b4-e512-4a48-9019-1c48502639c2)] -&gt; xpath: //*[@id=&quot;identifierId&quot;]]&lt;/span&gt;]
[20_38_53] - [OK]: Click correcto en: &lt;span style=&quot;font-style: italic; color: gray;&quot;&gt;[[FirefoxDriver: firefox on WINDOWS (e71d20b4-e512-4a48-9019-1c48502639c2)] -&gt; xpath: /html/body/div[1]/div[1]/div[2]/div/div[2]/div/div/div[2]/div/div[2]/div/div[1]/div/div/button]&lt;/span&gt;]
[20_38_54] - [OK] : &quot;2020pruebaseleniumjava#&quot; enviado correcto en: &lt;span style=&quot;font-style: italic; color: gray;&quot;&gt;[[FirefoxDriver: firefox on WINDOWS (e71d20b4-e512-4a48-9019-1c48502639c2)] -&gt; xpath: /html/body/div[1]/div[1]/div[2]/div/div[2]/div/div/div[2]/div/div[1]/div/form/span/section/div/div/div[1]/div[1]/div/div/div/div/div[1]/div/div[1]/input]&lt;/span&gt;]
[20_38_54] - [OK]: Espera OK. Elemento &lt;span style=&quot;font-style: italic; color: gray;&quot;&gt;[[FirefoxDriver: firefox on WINDOWS (e71d20b4-e512-4a48-9019-1c48502639c2)] -&gt; xpath: /html/body/div[1]/div[1]/div[2]/div/div[2]/div/div/div[2]/div/div[2]/div/div[1]/div/div/button]&lt;/span&gt;] visible
[20_38_54] - [OK]: Click correcto en: &lt;span style=&quot;font-style: italic; color: gray;&quot;&gt;[[FirefoxDriver: firefox on WINDOWS (e71d20b4-e512-4a48-9019-1c48502639c2)] -&gt; xpath: /html/body/div[1]/div[1]/div[2]/div/div[2]/div/div/div[2]/div/div[2]/div/div[1]/div/div/button]&lt;/span&gt;]
[20_38_57] - [OK] : Espera OK. Elemento &lt;span style=&quot;font-style: italic; color: gray;&quot;&gt;[[FirefoxDriver: firefox on WINDOWS (e71d20b4-e512-4a48-9019-1c48502639c2)] -&gt; xpath: /html/body/ytd-app/div/div/ytd-masthead/div[3]/div[2]/ytd-searchbox/form/div[1]/div[1]/input]&lt;/span&gt;] visible y pulsado
[20_38_57] - [OK] : &quot;we are the champion&quot; enviado correcto en: &lt;span style=&quot;font-style: italic; color: gray;&quot;&gt;[[FirefoxDriver: firefox on WINDOWS (e71d20b4-e512-4a48-9019-1c48502639c2)] -&gt; xpath: /html/body/ytd-app/div/div/ytd-masthead/div[3]/div[2]/ytd-searchbox/form/div[1]/div[1]/input]&lt;/span&gt;]
[20_38_57] - [OK] : tecla &lt;span style=&quot;font-style: italic; color: gray;&quot;&gt;?&lt;/span&gt;]presionada correcto en: &lt;span style=&quot;font-style: italic; color: gray;&quot;&gt;[[FirefoxDriver: firefox on WINDOWS (e71d20b4-e512-4a48-9019-1c48502639c2)] -&gt; xpath: /html/body/ytd-app/div/div/ytd-masthead/div[3]/div[2]/ytd-searchbox/form/div[1]/div[1]/input]&lt;/span&gt;]
[20_38_57] - [OK]: Espera OK. Elemento &lt;span style=&quot;font-style: italic; color: gray;&quot;&gt;[[FirefoxDriver: firefox on WINDOWS (e71d20b4-e512-4a48-9019-1c48502639c2)] -&gt; xpath: //*[@id=&quot;video-title&quot;]]&lt;/span&gt;] visible
[20_38_57] - [OK]: Click correcto en: &lt;span style=&quot;font-style: italic; color: gray;&quot;&gt;[[FirefoxDriver: firefox on WINDOWS (e71d20b4-e512-4a48-9019-1c48502639c2)] -&gt; xpath: //*[@id=&quot;video-title&quot;]]&lt;/span&gt;]
org.openqa.selenium.NoSuchElementException: Unable to locate element: /html/body/ytd-app/div/ytd-page-manager/ytd-watch-flexy/div[5]/div[1]/div/div[1]/div/div/div/ytd-player/div/div/div[26]/div[2]/div[2]/button[10]
For documentation on this error, please visit: https://www.seleniumhq.org/exceptions/no_such_element.html
Build info: version: &apos;3.141.59&apos;, revision: &apos;e82be7d358&apos;, time: &apos;2018-11-14T08:17:03&apos;
System info: host: &apos;DESKTOP-AGDUQKA&apos;, ip: &apos;192.168.1.153&apos;, os.name: &apos;Windows 10&apos;, os.arch: &apos;amd64&apos;, os.version: &apos;10.0&apos;, java.version: &apos;1.8.0_111&apos;
Driver info: org.openqa.selenium.firefox.FirefoxDriver
Capabilities {acceptInsecureCerts: true, browserName: firefox, browserVersion: 96.0.3, javascriptEnabled: true, moz:accessibilityChecks: false, moz:buildID: 20220126154723, moz:geckodriverVersion: 0.30.0, moz:headless: false, moz:processID: 11068, moz:profile: C:\Users\Willians\AppData\L..., moz:shutdownTimeout: 60000, moz:useNonSpecCompliantPointerOrigin: false, moz:webdriverClick: true, pageLoadStrategy: normal, platform: WINDOWS, platformName: WINDOWS, platformVersion: 10.0, proxy: Proxy(), setWindowRect: true, strictFileInteractability: false, timeouts: {implicit: 0, pageLoad: 300000, script: 30000}, unhandledPromptBehavior: dismiss and notify}
Session ID: e71d20b4-e512-4a48-9019-1c48502639c2
*** Element info: {Using=xpath, value=/html/body/ytd-app/div/ytd-page-manager/ytd-watch-flexy/div[5]/div[1]/div/div[1]/div/div/div/ytd-player/div/div/div[26]/div[2]/div[2]/button[10]}
</system-out>
    <system-err>1644176327455	geckodriver	INFO	Listening on 127.0.0.1:13251
1644176328087	mozrunner::runner	INFO	Running command: &quot;C:\\Program Files\\Mozilla Firefox\\firefox.exe&quot; &quot;--marionette&quot; &quot;-no-remote&quot; &quot;-profile&quot; &quot;C:\\Users\\Willians\\AppData\\Local\\Temp\\rust_mozprofilescqt5R&quot;
1644176328358	Marionette	INFO	Marionette enabled
console.warn: SearchSettings: &quot;get: No settings file exists, new profile?&quot; (new NotFoundError(&quot;Could not open the file at C:\\Users\\Willians\\AppData\\Local\\Temp\\rust_mozprofilescqt5R\\search.json.mozlz4&quot;, (void 0)))
1644176330102	Marionette	INFO	Listening on port 59769
1644176330170	RemoteAgent	WARN	TLS certificate errors will be ignored for this session
Feb 06, 2022 8:38:50 PM org.openqa.selenium.remote.ProtocolHandshake createSession
INFO: Detected dialect: W3C
1644176331553	Marionette	WARN	Ignoring event &apos;pageshow&apos; because document has an invalid readyState of &apos;uninitialized&apos;.
console.warn: LoginRecipes: &quot;getRecipes: falling back to a synchronous message for:&quot; &quot;https://accounts.google.com&quot;
console.warn: LoginRecipes: &quot;getRecipes: falling back to a synchronous message for:&quot; &quot;https://accounts.google.com&quot;
JavaScript warning: https://accounts.google.com/ServiceLogin?service=youtube&amp;uilel=3&amp;passive=true&amp;continue=https%3A%2F%2Fwww.youtube.com%2Fsignin%3Faction_handle_signin%3Dtrue%26app%3Ddesktop%26hl%3Des%26next%3Dhttps%253A%252F%252Fwww.youtube.com%252F&amp;hl=es&amp;ec=65620 line 1 &gt; eval line 2720 &gt; eval line 1 &gt; eval, line 1: WEBGL_debug_renderer_info is deprecated in Firefox and will be removed. Please use RENDERER.
console.warn: LoginRecipes: &quot;getRecipes: falling back to a synchronous message for:&quot; &quot;https://accounts.google.com&quot;
JavaScript warning: https://accounts.google.com/ServiceLogin?service=youtube&amp;uilel=3&amp;passive=true&amp;continue=https%3A%2F%2Fwww.youtube.com%2Fsignin%3Faction_handle_signin%3Dtrue%26app%3Ddesktop%26hl%3Des%26next%3Dhttps%253A%252F%252Fwww.youtube.com%252F&amp;hl=es&amp;ec=65620 line 1 &gt; eval line 5882 &gt; eval line 1 &gt; eval, line 1: WEBGL_debug_renderer_info is deprecated in Firefox and will be removed. Please use RENDERER.
console.warn: LoginRecipes: &quot;getRecipes: falling back to a synchronous message for:&quot; &quot;https://accounts.google.com&quot;
console.warn: LoginRecipes: &quot;getRecipes: falling back to a synchronous message for:&quot; &quot;https://accounts.google.com&quot;
JavaScript error: resource://gre/modules/LoginManagerParent.jsm, line 136: TypeError: gRecipeManager is null
console.warn: LoginRecipes: &quot;getRecipeJs: falling backavaSc to a synchronous message forript :&quot; &quot;herror: rttps://accesource:/ounts.google.com&quot;
/gre/modules/LoginManagerParent.jsm, line 136: TypeError: gRecipeManager is null
console.warn: LoginRecipes: &quot;getRecipes: falling back to a synchronous message for:&quot; &quot;https://www.youtube.com&quot;
JavaScript error: resource://gre/modules/LoginManagerParent.jsm, line 136: TypeError: gRecipeManager is null
console.warn: LoginRecipes: &quot;geJavtRecipes: falling back to a synchronous message foraScript error: resource://gre/modules/LoginManagerParent.jsm:&quot; , l&quot;https:ine 136: TypeErr//www.youtube.coor: gRm&quot;
ecipeManager is null
console.warn: LoginRecipes: &quot;getRecipes: falling back to a synchronous message for:&quot; &quot;https://www.youtube.com&quot;
JavaScript error: resource://gre/modules/LoginManagerParent.jsm, line 136: TypeError: gRecipeManager is null
console.warn: LoginRecipes: &quot;getRecipes: falling baJavaSck to cript error: resa synchronouource://gre/modules/s LoginManagerParent.messajsmge fo, r:li&quot; &quot;hne 136: TypeErrttps://www.youtube.com&quot;
or: gRecipeManager is null
console.warn: LoginRecipes: &quot;getRecipes: faJavaSlling back to a synchrocript error: resonousur mescesa://gre/modules/LoginMange for:&quot; &quot;https://wagerParent.jsmww., line 136: TypeErrory: gRecipeManager is null
outube.com&quot;
[Child 852, MediaDecoderStateMachine #1] WARNING: 1a86e4474a0 Could not set cubeb stream name.: file /builds/worker/checkouts/gecko/dom/media/AudioStream.cpp:367
[Child 852, MediaDecoderStateMachine #1] WARNING: 1a86e4474a0 Could not set cubeb stream name.: file /builds/worker/checkouts/gecko/dom/media/AudioStream.cpp:367
</system-err>
  </testcase>
</testsuite>