<?xml version="1.0" encoding="UTF-8"?>
<!-- Generated by org.testng.reporters.JUnitXMLReporter -->
<testsuite hostname="sobremesa-zoe" ignored="0" name="Command line test" tests="1" failures="1" timestamp="12 Feb 2022 08:56:35 GMT" time="43.063" errors="0">
  <testcase name="loginTest_Amazon" time="36.656" classname="framework.Tests.AmazonTest">
    <failure type="java.util.NoSuchElementException" message="No line found">
      <![CDATA[java.util.NoSuchElementException: No line found
at java.util.Scanner.nextLine(Scanner.java:1540)
at framework.Tests.AmazonTest.loginTest_Amazon(AmazonTest.java:22)
... Removed 34 stack frames]]>
    </failure>
  </testcase> <!-- loginTest_Amazon -->
</testsuite> <!-- Command line test -->
